[debug] [2023-09-18T12:14:19.160Z] ----------------------------------------------------------------------
[debug] [2023-09-18T12:14:19.161Z] Command:       C:\Program Files\nodejs\node.exe C:\Users\sabee\AppData\Roaming\npm\node_modules\firebase-tools\lib\bin\firebase.js init
[debug] [2023-09-18T12:14:19.162Z] CLI Version:   12.5.4
[debug] [2023-09-18T12:14:19.162Z] Platform:      win32
[debug] [2023-09-18T12:14:19.162Z] Node Version:  v16.15.1
[debug] [2023-09-18T12:14:19.163Z] Time:          Mon Sep 18 2023 17:44:19 GMT+0530 (India Standard Time)
[debug] [2023-09-18T12:14:19.163Z] ----------------------------------------------------------------------
[debug] 
[debug] [2023-09-18T12:14:19.166Z] >>> [apiv2][query] GET https://firebase-public.firebaseio.com/cli.json [none]
[debug] [2023-09-18T12:14:19.234Z] > command requires scopes: ["email","openid","https://www.googleapis.com/auth/cloudplatformprojects.readonly","https://www.googleapis.com/auth/firebase","https://www.googleapis.com/auth/cloud-platform"]
[debug] [2023-09-18T12:14:19.234Z] > authorizing via signed-in user (mohammad.sk.chy19@itbhu.ac.in)
[info] 
     ######## #### ########  ######## ########     ###     ######  ########
     ##        ##  ##     ## ##       ##     ##  ##   ##  ##       ##
     ######    ##  ########  ######   ########  #########  ######  ######
     ##        ##  ##    ##  ##       ##     ## ##     ##       ## ##
     ##       #### ##     ## ######## ########  ##     ##  ######  ########

You're about to initialize a Firebase project in this directory:

  C:\Users\sabee\OneDrive\Desktop\Projects\Sudoku-Solver

Before we get started, keep in mind:

  * You are initializing within an existing Firebase project directory

[debug] [2023-09-18T12:14:20.996Z] <<< [apiv2][status] GET https://firebase-public.firebaseio.com/cli.json 200
[debug] [2023-09-18T12:14:20.997Z] <<< [apiv2][body] GET https://firebase-public.firebaseio.com/cli.json {"cloudBuildErrorAfter":1594252800000,"cloudBuildWarnAfter":1590019200000,"defaultNode10After":1594252800000,"minVersion":"3.0.5","node8DeploysDisabledAfter":1613390400000,"node8RuntimeDisabledAfter":1615809600000,"node8WarnAfter":1600128000000}
[info] 
=== Project Setup
[info] 
[info] First, let's associate this project directory with a Firebase project.
[info] You can create multiple project aliases by running firebase use --add, 
[info] but for now we'll just set up a default project.
[info] 
[debug] [2023-09-18T12:14:43.377Z] Using project from CLI flag: sudoku-solver-2fb02
[debug] [2023-09-18T12:14:43.378Z] > refreshing access token with scopes: []
[debug] [2023-09-18T12:14:43.380Z] >>> [apiv2][query] POST https://www.googleapis.com/oauth2/v3/token [none]
[debug] [2023-09-18T12:14:43.380Z] >>> [apiv2][body] POST https://www.googleapis.com/oauth2/v3/token [omitted]
[debug] [2023-09-18T12:14:43.942Z] <<< [apiv2][status] POST https://www.googleapis.com/oauth2/v3/token 200
[debug] [2023-09-18T12:14:43.942Z] <<< [apiv2][body] POST https://www.googleapis.com/oauth2/v3/token [omitted]
[debug] [2023-09-18T12:14:43.952Z] >>> [apiv2][query] GET https://firebase.googleapis.com/v1beta1/projects/sudoku-solver-2fb02 [none]
[debug] [2023-09-18T12:14:44.725Z] <<< [apiv2][status] GET https://firebase.googleapis.com/v1beta1/projects/sudoku-solver-2fb02 403
[debug] [2023-09-18T12:14:44.725Z] <<< [apiv2][body] GET https://firebase.googleapis.com/v1beta1/projects/sudoku-solver-2fb02 {"error":{"code":403,"message":"The caller does not have permission","status":"PERMISSION_DENIED"}}
[debug] [2023-09-18T12:14:44.726Z] HTTP Error: 403, The caller does not have permission
[debug] [2023-09-18T12:14:44.727Z] FirebaseError: HTTP Error: 403, The caller does not have permission
    at responseToError (C:\Users\sabee\AppData\Roaming\npm\node_modules\firebase-tools\lib\responseToError.js:49:12)
    at RetryOperation._fn (C:\Users\sabee\AppData\Roaming\npm\node_modules\firebase-tools\lib\apiv2.js:285:77)
    at processTicksAndRejections (node:internal/process/task_queues:96:5)
[error] 
[error] Error: Failed to get Firebase project sudoku-solver-2fb02. Please make sure the project exists and your account has permission to access it.
[debug] [2023-09-18T12:14:55.739Z] ----------------------------------------------------------------------
[debug] [2023-09-18T12:14:55.740Z] Command:       C:\Program Files\nodejs\node.exe C:\Users\sabee\AppData\Roaming\npm\node_modules\firebase-tools\lib\bin\firebase.js init
[debug] [2023-09-18T12:14:55.740Z] CLI Version:   12.5.4
[debug] [2023-09-18T12:14:55.741Z] Platform:      win32
[debug] [2023-09-18T12:14:55.741Z] Node Version:  v16.15.1
[debug] [2023-09-18T12:14:55.742Z] Time:          Mon Sep 18 2023 17:44:55 GMT+0530 (India Standard Time)
[debug] [2023-09-18T12:14:55.742Z] ----------------------------------------------------------------------
[debug] 
[debug] [2023-09-18T12:14:55.818Z] > command requires scopes: ["email","openid","https://www.googleapis.com/auth/cloudplatformprojects.readonly","https://www.googleapis.com/auth/firebase","https://www.googleapis.com/auth/cloud-platform"]
[debug] [2023-09-18T12:14:55.819Z] > authorizing via signed-in user (mohammad.sk.chy19@itbhu.ac.in)
[info] 
     ######## #### ########  ######## ########     ###     ######  ########
     ##        ##  ##     ## ##       ##     ##  ##   ##  ##       ##
     ######    ##  ########  ######   ########  #########  ######  ######
     ##        ##  ##    ##  ##       ##     ## ##     ##       ## ##
     ##       #### ##     ## ######## ########  ##     ##  ######  ########

You're about to initialize a Firebase project in this directory:

  C:\Users\sabee\OneDrive\Desktop\Projects\Sudoku-Solver

Before we get started, keep in mind:

  * You are initializing within an existing Firebase project directory

[info] 
=== Project Setup
[info] 
[info] First, let's associate this project directory with a Firebase project.
[info] You can create multiple project aliases by running firebase use --add, 
[info] but for now we'll just set up a default project.
[info] 
[debug] [2023-09-18T12:16:13.443Z] Using project from CLI flag: sudoku-solver-2fb02
[debug] [2023-09-18T12:16:13.445Z] >>> [apiv2][query] GET https://firebase.googleapis.com/v1beta1/projects/sudoku-solver-2fb02 [none]
[debug] [2023-09-18T12:16:14.056Z] <<< [apiv2][status] GET https://firebase.googleapis.com/v1beta1/projects/sudoku-solver-2fb02 403
[debug] [2023-09-18T12:16:14.057Z] <<< [apiv2][body] GET https://firebase.googleapis.com/v1beta1/projects/sudoku-solver-2fb02 {"error":{"code":403,"message":"The caller does not have permission","status":"PERMISSION_DENIED"}}
[debug] [2023-09-18T12:16:14.057Z] HTTP Error: 403, The caller does not have permission
[debug] [2023-09-18T12:16:14.058Z] FirebaseError: HTTP Error: 403, The caller does not have permission
    at responseToError (C:\Users\sabee\AppData\Roaming\npm\node_modules\firebase-tools\lib\responseToError.js:49:12)
    at RetryOperation._fn (C:\Users\sabee\AppData\Roaming\npm\node_modules\firebase-tools\lib\apiv2.js:285:77)
    at processTicksAndRejections (node:internal/process/task_queues:96:5)
[error] 
[error] Error: Failed to get Firebase project sudoku-solver-2fb02. Please make sure the project exists and your account has permission to access it.
[debug] [2023-09-18T12:18:38.872Z] ----------------------------------------------------------------------
[debug] [2023-09-18T12:18:38.874Z] Command:       C:\Program Files\nodejs\node.exe C:\Users\sabee\AppData\Roaming\npm\node_modules\firebase-tools\lib\bin\firebase.js init
[debug] [2023-09-18T12:18:38.874Z] CLI Version:   12.5.4
[debug] [2023-09-18T12:18:38.874Z] Platform:      win32
[debug] [2023-09-18T12:18:38.875Z] Node Version:  v16.15.1
[debug] [2023-09-18T12:18:38.876Z] Time:          Mon Sep 18 2023 17:48:38 GMT+0530 (India Standard Time)
[debug] [2023-09-18T12:18:38.876Z] ----------------------------------------------------------------------
[debug] 
[debug] [2023-09-18T12:18:38.972Z] > command requires scopes: ["email","openid","https://www.googleapis.com/auth/cloudplatformprojects.readonly","https://www.googleapis.com/auth/firebase","https://www.googleapis.com/auth/cloud-platform"]
[debug] [2023-09-18T12:18:38.973Z] > authorizing via signed-in user (mohammad.sk.chy19@itbhu.ac.in)
[info] 
     ######## #### ########  ######## ########     ###     ######  ########
     ##        ##  ##     ## ##       ##     ##  ##   ##  ##       ##
     ######    ##  ########  ######   ########  #########  ######  ######
     ##        ##  ##    ##  ##       ##     ## ##     ##       ## ##
     ##       #### ##     ## ######## ########  ##     ##  ######  ########

You're about to initialize a Firebase project in this directory:

  C:\Users\sabee\OneDrive\Desktop\Projects\Sudoku-Solver

Before we get started, keep in mind:

  * You are initializing within an existing Firebase project directory

[info] 
=== Project Setup
[info] 
[info] First, let's associate this project directory with a Firebase project.
[info] You can create multiple project aliases by running firebase use --add, 
[info] but for now we'll just set up a default project.
[info] 
[debug] [2023-09-18T12:18:45.567Z] Using project from CLI flag: sudoku-solver-2fb02
[debug] [2023-09-18T12:18:45.570Z] >>> [apiv2][query] GET https://firebase.googleapis.com/v1beta1/projects/sudoku-solver-2fb02 [none]
[debug] [2023-09-18T12:18:46.232Z] <<< [apiv2][status] GET https://firebase.googleapis.com/v1beta1/projects/sudoku-solver-2fb02 403
[debug] [2023-09-18T12:18:46.232Z] <<< [apiv2][body] GET https://firebase.googleapis.com/v1beta1/projects/sudoku-solver-2fb02 {"error":{"code":403,"message":"The caller does not have permission","status":"PERMISSION_DENIED"}}
[debug] [2023-09-18T12:18:46.233Z] HTTP Error: 403, The caller does not have permission
[debug] [2023-09-18T12:18:46.234Z] FirebaseError: HTTP Error: 403, The caller does not have permission
    at responseToError (C:\Users\sabee\AppData\Roaming\npm\node_modules\firebase-tools\lib\responseToError.js:49:12)
    at RetryOperation._fn (C:\Users\sabee\AppData\Roaming\npm\node_modules\firebase-tools\lib\apiv2.js:285:77)
    at processTicksAndRejections (node:internal/process/task_queues:96:5)
[error] 
[error] Error: Failed to get Firebase project sudoku-solver-2fb02. Please make sure the project exists and your account has permission to access it.
